<?xml version="1.0" encoding="UTF-8"?>
<!-- Generated by org.testng.reporters.JUnitXMLReporter -->
<testsuite ignored="0" hostname="NODLTP52093562A" failures="0" tests="4" name="Surefire test" time="0.055" errors="0" timestamp="2020-09-19T13:16:16 IST">
  <testcase classname="MavenProject.Maventest.MobileTest" name="mobileTest" time="0.005"/>
  <testcase classname="MavenProject.Maventest.MobileTest" name="mobileTest2" time="0.0"/>
  <testcase classname="MavenProject.Maventest.SeleniumTest" name="seleniumTest" time="0.0"/>
  <testcase classname="MavenProject.Maventest.SeleniumTest" name="seleniumTest2" time="0.0"/>
</testsuite> <!-- Surefire test -->
