<?xml version="1.0" encoding="UTF-8"?>
<testng-results ignored="0" total="1" passed="1" failed="0" skipped="0">
  <reporter-output>
  </reporter-output>
  <suite started-at="2020-09-19T13:15:50 IST" name="Default suite" finished-at="2020-09-19T13:15:50 IST" duration-ms="284">
    <groups>
    </groups>
    <test started-at="2020-09-19T13:15:50 IST" name="Default test" finished-at="2020-09-19T13:15:50 IST" duration-ms="284">
      <class name="MavenProject.Maventest.SeleniumTest">
        <test-method signature="seleniumTest2()[pri:0, instance:MavenProject.Maventest.SeleniumTest@7adda9cc]" started-at="2020-09-19T13:15:50 IST" name="seleniumTest2" finished-at="2020-09-19T13:15:50 IST" duration-ms="29" status="PASS">
          <reporter-output>
          </reporter-output>
        </test-method> <!-- seleniumTest2 -->
      </class> <!-- MavenProject.Maventest.SeleniumTest -->
    </test> <!-- Default test -->
  </suite> <!-- Default suite -->
</testng-results>
